[INFO] Loaded XMLs: ['/home/rusu/Thesis_Project/navppo/layouts/train/all/lvl1_standard_obs0_d10_seed0.xml', '/home/rusu/Thesis_Project/navppo/layouts/train/all/lvl1_standard_obs0_d10_seed1.xml', '/home/rusu/Thesis_Project/navppo/layouts/train/all/lvl1_standard_obs0_d10_seed2.xml', '/home/rusu/Thesis_Project/navppo/layouts/train/all/lvl1_standard_obs0_d15_seed0.xml', '/home/rusu/Thesis_Project/navppo/layouts/train/all/lvl1_standard_obs0_d15_seed1.xml', '/home/rusu/Thesis_Project/navppo/layouts/train/all/lvl1_standard_obs0_d15_seed2.xml', '/home/rusu/Thesis_Project/navppo/layouts/train/all/lvl1_standard_obs0_d5_seed0.xml', '/home/rusu/Thesis_Project/navppo/layouts/train/all/lvl1_standard_obs0_d5_seed1.xml', '/home/rusu/Thesis_Project/navppo/layouts/train/all/lvl1_standard_obs0_d5_seed2.xml', '/home/rusu/Thesis_Project/navppo/layouts/train/all/lvl2_standard_obs1_d10_seed0.xml', '/home/rusu/Thesis_Project/navppo/layouts/train/all/lvl2_standard_obs1_d10_seed1.xml', '/home/rusu/Thesis_Project/navppo/layouts/train/all/lvl2_standard_obs1_d10_seed2.xml', '/home/rusu/Thesis_Project/navppo/layouts/train/all/lvl2_standard_obs1_d15_seed0.xml', '/home/rusu/Thesis_Project/navppo/layouts/train/all/lvl2_standard_obs1_d15_seed1.xml', '/home/rusu/Thesis_Project/navppo/layouts/train/all/lvl2_standard_obs1_d15_seed2.xml', '/home/rusu/Thesis_Project/navppo/layouts/train/all/lvl2_standard_obs1_d5_seed0.xml', '/home/rusu/Thesis_Project/navppo/layouts/train/all/lvl2_standard_obs1_d5_seed1.xml', '/home/rusu/Thesis_Project/navppo/layouts/train/all/lvl2_standard_obs1_d5_seed2.xml', '/home/rusu/Thesis_Project/navppo/layouts/train/all/lvl3_standard_obs2_d10_seed0.xml', '/home/rusu/Thesis_Project/navppo/layouts/train/all/lvl3_standard_obs2_d15_seed0.xml', '/home/rusu/Thesis_Project/navppo/layouts/train/all/lvl3_standard_obs2_d5_seed0.xml', '/home/rusu/Thesis_Project/navppo/layouts/train/all/lvl3_standard_obs3_d10_seed0.xml', '/home/rusu/Thesis_Project/navppo/layouts/train/all/lvl3_standard_obs3_d15_seed0.xml', '/home/rusu/Thesis_Project/navppo/layouts/train/all/lvl3_standard_obs3_d5_seed0.xml', '/home/rusu/Thesis_Project/navppo/layouts/train/all/lvl3_standard_obs5_d10_seed0.xml', '/home/rusu/Thesis_Project/navppo/layouts/train/all/lvl3_standard_obs5_d15_seed0.xml', '/home/rusu/Thesis_Project/navppo/layouts/train/all/lvl3_standard_obs5_d5_seed0.xml', '/home/rusu/Thesis_Project/navppo/layouts/train/all/lvl4_standard_obs10_d10_seed0.xml', '/home/rusu/Thesis_Project/navppo/layouts/train/all/lvl4_standard_obs10_d10_seed1.xml', '/home/rusu/Thesis_Project/navppo/layouts/train/all/lvl4_standard_obs10_d5_seed0.xml', '/home/rusu/Thesis_Project/navppo/layouts/train/all/lvl4_standard_obs10_d5_seed1.xml', '/home/rusu/Thesis_Project/navppo/layouts/train/all/lvl4_standard_obs6_d10_seed0.xml', '/home/rusu/Thesis_Project/navppo/layouts/train/all/lvl4_standard_obs6_d10_seed1.xml', '/home/rusu/Thesis_Project/navppo/layouts/train/all/lvl4_standard_obs6_d5_seed0.xml', '/home/rusu/Thesis_Project/navppo/layouts/train/all/lvl4_standard_obs6_d5_seed1.xml', '/home/rusu/Thesis_Project/navppo/layouts/train/all/lvl4_standard_obs8_d10_seed0.xml', '/home/rusu/Thesis_Project/navppo/layouts/train/all/lvl4_standard_obs8_d10_seed1.xml', '/home/rusu/Thesis_Project/navppo/layouts/train/all/lvl4_standard_obs8_d5_seed0.xml', '/home/rusu/Thesis_Project/navppo/layouts/train/all/lvl4_standard_obs8_d5_seed1.xml', '/home/rusu/Thesis_Project/navppo/layouts/train/all/lvl5_corridor_obs15_d10_depth2_seed0.xml', '/home/rusu/Thesis_Project/navppo/layouts/train/all/lvl5_corridor_obs15_d10_depth3_seed0.xml', '/home/rusu/Thesis_Project/navppo/layouts/train/all/lvl5_corridor_obs15_d10_depth4_seed0.xml', '/home/rusu/Thesis_Project/navppo/layouts/train/all/lvl5_corridor_obs15_d5_depth2_seed0.xml', '/home/rusu/Thesis_Project/navppo/layouts/train/all/lvl5_corridor_obs15_d5_depth3_seed0.xml', '/home/rusu/Thesis_Project/navppo/layouts/train/all/lvl5_corridor_obs15_d5_depth4_seed0.xml', '/home/rusu/Thesis_Project/navppo/layouts/train/all/lvl5_deadend_obs15_d10_depth2_seed0.xml', '/home/rusu/Thesis_Project/navppo/layouts/train/all/lvl5_deadend_obs15_d10_depth3_seed0.xml', '/home/rusu/Thesis_Project/navppo/layouts/train/all/lvl5_deadend_obs15_d10_depth4_seed0.xml', '/home/rusu/Thesis_Project/navppo/layouts/train/all/lvl5_deadend_obs15_d5_depth2_seed0.xml', '/home/rusu/Thesis_Project/navppo/layouts/train/all/lvl5_deadend_obs15_d5_depth3_seed0.xml', '/home/rusu/Thesis_Project/navppo/layouts/train/all/lvl5_deadend_obs15_d5_depth4_seed0.xml']
[INFO] Starting training from scratch
 
 path : ['/home/rusu/Thesis_Project/navppo/layouts/train/all/lvl1_standard_obs0_d10_seed0.xml', '/home/rusu/Thesis_Project/navppo/layouts/train/all/lvl1_standard_obs0_d10_seed1.xml', '/home/rusu/Thesis_Project/navppo/layouts/train/all/lvl1_standard_obs0_d10_seed2.xml', '/home/rusu/Thesis_Project/navppo/layouts/train/all/lvl1_standard_obs0_d15_seed0.xml', '/home/rusu/Thesis_Project/navppo/layouts/train/all/lvl1_standard_obs0_d15_seed1.xml', '/home/rusu/Thesis_Project/navppo/layouts/train/all/lvl1_standard_obs0_d15_seed2.xml', '/home/rusu/Thesis_Project/navppo/layouts/train/all/lvl1_standard_obs0_d5_seed0.xml', '/home/rusu/Thesis_Project/navppo/layouts/train/all/lvl1_standard_obs0_d5_seed1.xml', '/home/rusu/Thesis_Project/navppo/layouts/train/all/lvl1_standard_obs0_d5_seed2.xml', '/home/rusu/Thesis_Project/navppo/layouts/train/all/lvl2_standard_obs1_d10_seed0.xml', '/home/rusu/Thesis_Project/navppo/layouts/train/all/lvl2_standard_obs1_d10_seed1.xml', '/home/rusu/Thesis_Project/navppo/layouts/train/all/lvl2_standard_obs1_d10_seed2.xml', '/home/rusu/Thesis_Project/navppo/layouts/train/all/lvl2_standard_obs1_d15_seed0.xml', '/home/rusu/Thesis_Project/navppo/layouts/train/all/lvl2_standard_obs1_d15_seed1.xml', '/home/rusu/Thesis_Project/navppo/layouts/train/all/lvl2_standard_obs1_d15_seed2.xml', '/home/rusu/Thesis_Project/navppo/layouts/train/all/lvl2_standard_obs1_d5_seed0.xml', '/home/rusu/Thesis_Project/navppo/layouts/train/all/lvl2_standard_obs1_d5_seed1.xml', '/home/rusu/Thesis_Project/navppo/layouts/train/all/lvl2_standard_obs1_d5_seed2.xml', '/home/rusu/Thesis_Project/navppo/layouts/train/all/lvl3_standard_obs2_d10_seed0.xml', '/home/rusu/Thesis_Project/navppo/layouts/train/all/lvl3_standard_obs2_d15_seed0.xml', '/home/rusu/Thesis_Project/navppo/layouts/train/all/lvl3_standard_obs2_d5_seed0.xml', '/home/rusu/Thesis_Project/navppo/layouts/train/all/lvl3_standard_obs3_d10_seed0.xml', '/home/rusu/Thesis_Project/navppo/layouts/train/all/lvl3_standard_obs3_d15_seed0.xml', '/home/rusu/Thesis_Project/navppo/layouts/train/all/lvl3_standard_obs3_d5_seed0.xml', '/home/rusu/Thesis_Project/navppo/layouts/train/all/lvl3_standard_obs5_d10_seed0.xml', '/home/rusu/Thesis_Project/navppo/layouts/train/all/lvl3_standard_obs5_d15_seed0.xml', '/home/rusu/Thesis_Project/navppo/layouts/train/all/lvl3_standard_obs5_d5_seed0.xml', '/home/rusu/Thesis_Project/navppo/layouts/train/all/lvl4_standard_obs10_d10_seed0.xml', '/home/rusu/Thesis_Project/navppo/layouts/train/all/lvl4_standard_obs10_d10_seed1.xml', '/home/rusu/Thesis_Project/navppo/layouts/train/all/lvl4_standard_obs10_d5_seed0.xml', '/home/rusu/Thesis_Project/navppo/layouts/train/all/lvl4_standard_obs10_d5_seed1.xml', '/home/rusu/Thesis_Project/navppo/layouts/train/all/lvl4_standard_obs6_d10_seed0.xml', '/home/rusu/Thesis_Project/navppo/layouts/train/all/lvl4_standard_obs6_d10_seed1.xml', '/home/rusu/Thesis_Project/navppo/layouts/train/all/lvl4_standard_obs6_d5_seed0.xml', '/home/rusu/Thesis_Project/navppo/layouts/train/all/lvl4_standard_obs6_d5_seed1.xml', '/home/rusu/Thesis_Project/navppo/layouts/train/all/lvl4_standard_obs8_d10_seed0.xml', '/home/rusu/Thesis_Project/navppo/layouts/train/all/lvl4_standard_obs8_d10_seed1.xml', '/home/rusu/Thesis_Project/navppo/layouts/train/all/lvl4_standard_obs8_d5_seed0.xml', '/home/rusu/Thesis_Project/navppo/layouts/train/all/lvl4_standard_obs8_d5_seed1.xml', '/home/rusu/Thesis_Project/navppo/layouts/train/all/lvl5_corridor_obs15_d10_depth2_seed0.xml', '/home/rusu/Thesis_Project/navppo/layouts/train/all/lvl5_corridor_obs15_d10_depth3_seed0.xml', '/home/rusu/Thesis_Project/navppo/layouts/train/all/lvl5_corridor_obs15_d10_depth4_seed0.xml', '/home/rusu/Thesis_Project/navppo/layouts/train/all/lvl5_corridor_obs15_d5_depth2_seed0.xml', '/home/rusu/Thesis_Project/navppo/layouts/train/all/lvl5_corridor_obs15_d5_depth3_seed0.xml', '/home/rusu/Thesis_Project/navppo/layouts/train/all/lvl5_corridor_obs15_d5_depth4_seed0.xml', '/home/rusu/Thesis_Project/navppo/layouts/train/all/lvl5_deadend_obs15_d10_depth2_seed0.xml', '/home/rusu/Thesis_Project/navppo/layouts/train/all/lvl5_deadend_obs15_d10_depth3_seed0.xml', '/home/rusu/Thesis_Project/navppo/layouts/train/all/lvl5_deadend_obs15_d10_depth4_seed0.xml', '/home/rusu/Thesis_Project/navppo/layouts/train/all/lvl5_deadend_obs15_d5_depth2_seed0.xml', '/home/rusu/Thesis_Project/navppo/layouts/train/all/lvl5_deadend_obs15_d5_depth3_seed0.xml', '/home/rusu/Thesis_Project/navppo/layouts/train/all/lvl5_deadend_obs15_d5_depth4_seed0.xml']
 
Using cpu device
 
 path : ['/home/rusu/Thesis_Project/navppo/layouts/train/all/lvl1_standard_obs0_d10_seed0.xml', '/home/rusu/Thesis_Project/navppo/layouts/train/all/lvl1_standard_obs0_d10_seed1.xml', '/home/rusu/Thesis_Project/navppo/layouts/train/all/lvl1_standard_obs0_d10_seed2.xml', '/home/rusu/Thesis_Project/navppo/layouts/train/all/lvl1_standard_obs0_d15_seed0.xml', '/home/rusu/Thesis_Project/navppo/layouts/train/all/lvl1_standard_obs0_d15_seed1.xml', '/home/rusu/Thesis_Project/navppo/layouts/train/all/lvl1_standard_obs0_d15_seed2.xml', '/home/rusu/Thesis_Project/navppo/layouts/train/all/lvl1_standard_obs0_d5_seed0.xml', '/home/rusu/Thesis_Project/navppo/layouts/train/all/lvl1_standard_obs0_d5_seed1.xml', '/home/rusu/Thesis_Project/navppo/layouts/train/all/lvl1_standard_obs0_d5_seed2.xml', '/home/rusu/Thesis_Project/navppo/layouts/train/all/lvl2_standard_obs1_d10_seed0.xml', '/home/rusu/Thesis_Project/navppo/layouts/train/all/lvl2_standard_obs1_d10_seed1.xml', '/home/rusu/Thesis_Project/navppo/layouts/train/all/lvl2_standard_obs1_d10_seed2.xml', '/home/rusu/Thesis_Project/navppo/layouts/train/all/lvl2_standard_obs1_d15_seed0.xml', '/home/rusu/Thesis_Project/navppo/layouts/train/all/lvl2_standard_obs1_d15_seed1.xml', '/home/rusu/Thesis_Project/navppo/layouts/train/all/lvl2_standard_obs1_d15_seed2.xml', '/home/rusu/Thesis_Project/navppo/layouts/train/all/lvl2_standard_obs1_d5_seed0.xml', '/home/rusu/Thesis_Project/navppo/layouts/train/all/lvl2_standard_obs1_d5_seed1.xml', '/home/rusu/Thesis_Project/navppo/layouts/train/all/lvl2_standard_obs1_d5_seed2.xml', '/home/rusu/Thesis_Project/navppo/layouts/train/all/lvl3_standard_obs2_d10_seed0.xml', '/home/rusu/Thesis_Project/navppo/layouts/train/all/lvl3_standard_obs2_d15_seed0.xml', '/home/rusu/Thesis_Project/navppo/layouts/train/all/lvl3_standard_obs2_d5_seed0.xml', '/home/rusu/Thesis_Project/navppo/layouts/train/all/lvl3_standard_obs3_d10_seed0.xml', '/home/rusu/Thesis_Project/navppo/layouts/train/all/lvl3_standard_obs3_d15_seed0.xml', '/home/rusu/Thesis_Project/navppo/layouts/train/all/lvl3_standard_obs3_d5_seed0.xml', '/home/rusu/Thesis_Project/navppo/layouts/train/all/lvl3_standard_obs5_d10_seed0.xml', '/home/rusu/Thesis_Project/navppo/layouts/train/all/lvl3_standard_obs5_d15_seed0.xml', '/home/rusu/Thesis_Project/navppo/layouts/train/all/lvl3_standard_obs5_d5_seed0.xml', '/home/rusu/Thesis_Project/navppo/layouts/train/all/lvl4_standard_obs10_d10_seed0.xml', '/home/rusu/Thesis_Project/navppo/layouts/train/all/lvl4_standard_obs10_d10_seed1.xml', '/home/rusu/Thesis_Project/navppo/layouts/train/all/lvl4_standard_obs10_d5_seed0.xml', '/home/rusu/Thesis_Project/navppo/layouts/train/all/lvl4_standard_obs10_d5_seed1.xml', '/home/rusu/Thesis_Project/navppo/layouts/train/all/lvl4_standard_obs6_d10_seed0.xml', '/home/rusu/Thesis_Project/navppo/layouts/train/all/lvl4_standard_obs6_d10_seed1.xml', '/home/rusu/Thesis_Project/navppo/layouts/train/all/lvl4_standard_obs6_d5_seed0.xml', '/home/rusu/Thesis_Project/navppo/layouts/train/all/lvl4_standard_obs6_d5_seed1.xml', '/home/rusu/Thesis_Project/navppo/layouts/train/all/lvl4_standard_obs8_d10_seed0.xml', '/home/rusu/Thesis_Project/navppo/layouts/train/all/lvl4_standard_obs8_d10_seed1.xml', '/home/rusu/Thesis_Project/navppo/layouts/train/all/lvl4_standard_obs8_d5_seed0.xml', '/home/rusu/Thesis_Project/navppo/layouts/train/all/lvl4_standard_obs8_d5_seed1.xml', '/home/rusu/Thesis_Project/navppo/layouts/train/all/lvl5_corridor_obs15_d10_depth2_seed0.xml', '/home/rusu/Thesis_Project/navppo/layouts/train/all/lvl5_corridor_obs15_d10_depth3_seed0.xml', '/home/rusu/Thesis_Project/navppo/layouts/train/all/lvl5_corridor_obs15_d10_depth4_seed0.xml', '/home/rusu/Thesis_Project/navppo/layouts/train/all/lvl5_corridor_obs15_d5_depth2_seed0.xml', '/home/rusu/Thesis_Project/navppo/layouts/train/all/lvl5_corridor_obs15_d5_depth3_seed0.xml', '/home/rusu/Thesis_Project/navppo/layouts/train/all/lvl5_corridor_obs15_d5_depth4_seed0.xml', '/home/rusu/Thesis_Project/navppo/layouts/train/all/lvl5_deadend_obs15_d10_depth2_seed0.xml', '/home/rusu/Thesis_Project/navppo/layouts/train/all/lvl5_deadend_obs15_d10_depth3_seed0.xml', '/home/rusu/Thesis_Project/navppo/layouts/train/all/lvl5_deadend_obs15_d10_depth4_seed0.xml', '/home/rusu/Thesis_Project/navppo/layouts/train/all/lvl5_deadend_obs15_d5_depth2_seed0.xml', '/home/rusu/Thesis_Project/navppo/layouts/train/all/lvl5_deadend_obs15_d5_depth3_seed0.xml', '/home/rusu/Thesis_Project/navppo/layouts/train/all/lvl5_deadend_obs15_d5_depth4_seed0.xml']
 
[INFO] Starting training from scratch
Using cpu device
current episode: 1
Add deadend center [ -0.4341696  -14.37849542] at 222
current episode: 2
current episode: 3
current episode: 4
current episode: 5
current episode: 6
current episode: 7
current episode: 8
current episode: 9
current episode: 10
current episode: 11
current episode: 12
current episode: 13
current episode: 14
current episode: 15
current episode: 16
Add deadend center [ 18.22443416 -10.70752472] at 710
current episode: 17
current episode: 18
current episode: 19
Add deadend center [ 15.67925502 -10.63054159] at 883
current episode: 20
current episode: 21
current episode: 22
current episode: 23
current episode: 24
current episode: 25
current episode: 26
current episode: 27
current episode: 28
current episode: 29
current episode: 30
current episode: 31
current episode: 32
current episode: 33
current episode: 34
Add deadend center [ 16.12581815 -11.57422782] at 603
current episode: 35
current episode: 36
current episode: 37
current episode: 38
current episode: 39
current episode: 40
current episode: 41
current episode: 42
current episode: 43
current episode: 44
current episode: 45
current episode: 46
current episode: 47
current episode: 48
current episode: 49
current episode: 50
current episode: 51
Add deadend center [ 14.65545035 -12.14392193] at 939
current episode: 52
Add deadend center [ 13.81811426 -11.45426786] at 392
current episode: 53
current episode: 54
current episode: 55
current episode: 56
current episode: 57
current episode: 58
current episode: 59
current episode: 60
current episode: 61
current episode: 62
current episode: 63
current episode: 64
current episode: 65
current episode: 66
current episode: 67
current episode: 68
current episode: 69
current episode: 70
current episode: 71
Add deadend center [ 12.48325849 -11.4649203 ] at 280
current episode: 72
current episode: 73
current episode: 74
current episode: 75
current episode: 76
current episode: 77
current episode: 78
current episode: 79
current episode: 80
current episode: 81
current episode: 82
current episode: 83
current episode: 84
current episode: 85
current episode: 86
current episode: 87
current episode: 88
current episode: 89
current episode: 90
current episode: 91
current episode: 92
current episode: 93
current episode: 94
current episode: 95
current episode: 96
current episode: 97
current episode: 98
current episode: 99
current episode: 100
current episode: 101
current episode: 102
current episode: 103
current episode: 104
current episode: 105
current episode: 106
current episode: 107
current episode: 108
current episode: 109
current episode: 110
current episode: 111
current episode: 112
current episode: 113
current episode: 114
current episode: 115
current episode: 116
current episode: 117
current episode: 118
current episode: 119
current episode: 120
current episode: 121
current episode: 122
current episode: 123
current episode: 124
current episode: 125
current episode: 126
current episode: 127
current episode: 128
current episode: 129
current episode: 130
current episode: 131
current episode: 132
current episode: 133
current episode: 134
current episode: 135
current episode: 136
current episode: 137
current episode: 138
current episode: 139
current episode: 140
current episode: 141
current episode: 142
current episode: 143
current episode: 144
current episode: 145
current episode: 146
current episode: 147
current episode: 148
current episode: 149
current episode: 150
current episode: 151
current episode: 152
current episode: 153
current episode: 154
current episode: 155
current episode: 156
current episode: 157
current episode: 158
current episode: 159
current episode: 160
current episode: 161
current episode: 162
current episode: 163
current episode: 164
current episode: 165
current episode: 166
current episode: 167
current episode: 168
current episode: 169
current episode: 170
Add deadend center [ 12.92186963 -12.40027351] at 269
current episode: 171
current episode: 172
current episode: 173
current episode: 174
current episode: 175
current episode: 176
current episode: 177
current episode: 178
current episode: 179
current episode: 180
current episode: 181
current episode: 182
current episode: 183
current episode: 184
current episode: 185
current episode: 186
current episode: 187
current episode: 188
current episode: 189
current episode: 190
current episode: 191
current episode: 192
current episode: 193
current episode: 194
current episode: 195
current episode: 196
current episode: 197
current episode: 198
current episode: 199
current episode: 200
current episode: 201
current episode: 202
Add deadend center [ 12.49319654 -12.8031675 ] at 183
current episode: 203
current episode: 204
current episode: 205
current episode: 206
current episode: 207
current episode: 208
current episode: 209
current episode: 210
current episode: 211
current episode: 212
current episode: 213
current episode: 214
current episode: 215
current episode: 216
current episode: 217
current episode: 218
current episode: 219
current episode: 220
current episode: 221
current episode: 222
current episode: 223
current episode: 224
current episode: 225
current episode: 226
current episode: 227
current episode: 228
current episode: 229
current episode: 230
current episode: 231
current episode: 232
current episode: 233
current episode: 234
current episode: 235
current episode: 236
current episode: 237
current episode: 238
current episode: 239
current episode: 240
current episode: 241
current episode: 242
current episode: 243
current episode: 244
current episode: 245
current episode: 246
current episode: 247
current episode: 248
current episode: 249
current episode: 250
current episode: 251
current episode: 252
current episode: 253
current episode: 254
current episode: 255
current episode: 256
current episode: 257
current episode: 258
current episode: 259
current episode: 260
current episode: 261
current episode: 262
current episode: 263
current episode: 264
current episode: 265
current episode: 266
current episode: 267
current episode: 268
current episode: 269
current episode: 270
current episode: 271
current episode: 272
current episode: 273
current episode: 274
current episode: 275
current episode: 276
current episode: 277
current episode: 278
current episode: 279
current episode: 280
current episode: 281
current episode: 282
current episode: 283
current episode: 284
current episode: 285
current episode: 286
current episode: 287
current episode: 288
current episode: 289
current episode: 290
current episode: 291
current episode: 292
current episode: 293
current episode: 294
current episode: 295
current episode: 296
current episode: 297
current episode: 298
current episode: 299
current episode: 300
current episode: 301
current episode: 302
current episode: 303
current episode: 304
current episode: 305
current episode: 306
current episode: 307
current episode: 308
current episode: 309
current episode: 310
current episode: 311
current episode: 312
current episode: 313
current episode: 314
current episode: 315
current episode: 316
current episode: 317
current episode: 318
current episode: 319
current episode: 320
current episode: 321
current episode: 322
current episode: 323
current episode: 324
current episode: 325
current episode: 326
current episode: 327
current episode: 328
current episode: 329
current episode: 330
current episode: 331
current episode: 332
current episode: 333
current episode: 334
current episode: 335
current episode: 336
current episode: 337
Add deadend center [ 11.68212121 -12.49471944] at 527
current episode: 338
current episode: 339
current episode: 340
current episode: 341
current episode: 342
current episode: 343
current episode: 344
current episode: 345
current episode: 346
current episode: 347
Add deadend center [ 10.53173825 -12.24691973] at 358
current episode: 348
current episode: 349
current episode: 350
current episode: 351
current episode: 352
current episode: 353
current episode: 354
current episode: 355
current episode: 356
current episode: 357
current episode: 358
current episode: 359
current episode: 360
current episode: 361
current episode: 362
current episode: 363
current episode: 364
current episode: 365
current episode: 366
current episode: 367
current episode: 368
current episode: 369
current episode: 370
current episode: 371
current episode: 372
current episode: 373
current episode: 374
current episode: 375
current episode: 376
current episode: 377
current episode: 378
current episode: 379
current episode: 380
current episode: 381
current episode: 382
current episode: 383
current episode: 384
current episode: 385
current episode: 386
current episode: 387
current episode: 388
Add deadend center [ 7.34142373 -9.94301759] at 172
current episode: 389
current episode: 390
current episode: 391
current episode: 392
current episode: 393
current episode: 394
current episode: 395
current episode: 396
current episode: 397
current episode: 398
current episode: 399
current episode: 400
current episode: 401
current episode: 402
current episode: 403
current episode: 404
current episode: 405
current episode: 406
current episode: 407
current episode: 408
current episode: 409
current episode: 410
current episode: 411
current episode: 412
Add deadend center [ 8.71271053 -8.18484344] at 119
current episode: 413
current episode: 414
current episode: 415
current episode: 416
current episode: 417
current episode: 418
current episode: 419
current episode: 420
current episode: 421
current episode: 422
current episode: 423
current episode: 424
current episode: 425
current episode: 426
current episode: 427
current episode: 428
current episode: 429
current episode: 430
current episode: 431
current episode: 432
current episode: 433
current episode: 434
current episode: 435
current episode: 436
current episode: 437
current episode: 438
current episode: 439
current episode: 440
current episode: 441
current episode: 442
current episode: 443
current episode: 444
current episode: 445
current episode: 446
current episode: 447
current episode: 448
current episode: 449
current episode: 450
current episode: 451
current episode: 452
current episode: 453
current episode: 454
current episode: 455
current episode: 456
current episode: 457
current episode: 458
current episode: 459
current episode: 460
current episode: 461
current episode: 462
current episode: 463
current episode: 464
current episode: 465
current episode: 466
current episode: 467
current episode: 468
current episode: 469
current episode: 470
current episode: 471
current episode: 472
current episode: 473
current episode: 474
current episode: 475
current episode: 476
current episode: 477
current episode: 478
current episode: 479
current episode: 480
current episode: 481
current episode: 482
current episode: 483
current episode: 484
current episode: 485
current episode: 486
current episode: 487
current episode: 488
current episode: 489
current episode: 490
current episode: 491
current episode: 492
current episode: 493
current episode: 494
current episode: 495
current episode: 496
current episode: 497
current episode: 498
current episode: 499
current episode: 500
current episode: 501
[INFO] Training time: 02:51:16 (h:m:s)
[INFO] Training completed and model saved.
[INFO] Model saved to:       /home/rusu/Thesis_Project/navppo/runs/all_noise_0/models/model_ppo.zip
[INFO] VecNormalize saved to: /home/rusu/Thesis_Project/navppo/runs/all_noise_0/envs/vecnormalize.pkl
